生成启动时间为 2017/12/25 14:23:47。
     1>项目“G:\RE\anti_DesktopLayer\anti_desktoplayer\anti_desktoplayer\anti_desktoplayer.vcxproj”在节点 2 上(Build 个目标)。
     1>ClCompile:
         C:\Program Files (x86)\Microsoft Visual Studio 12.0\VC\bin\CL.exe /c /Zi /nologo /W3 /WX- /sdl- /O2 /Oi /Oy- /GL /D WIN32 /D NDEBUG /D _CONSOLE /D _LIB /D _USING_V110_SDK71_ /D _MBCS /Gm- /EHsc /MT /GS /Gy /fp:precise /Zc:wchar_t /Zc:forScope /Yu"stdafx.h" /Fp"Release\anti_desktoplayer.pch" /Fo"Release\\" /Fd"Release\vc120.pdb" /Gd /TP /analyze- /errorReport:prompt anti_desktoplayer.cpp
         anti_desktoplayer.cpp
     1>anti_desktoplayer.cpp(112): warning C4996: 'sprintf': This function or variable may be unsafe. Consider using sprintf_s instead. To disable deprecation, use _CRT_SECURE_NO_WARNINGS. See online help for details.
                 C:\Program Files (x86)\Microsoft Visual Studio 12.0\VC\include\stdio.h(356) : 参见“sprintf”的声明
     1>anti_desktoplayer.cpp(345): warning C4996: 'sprintf': This function or variable may be unsafe. Consider using sprintf_s instead. To disable deprecation, use _CRT_SECURE_NO_WARNINGS. See online help for details.
                 C:\Program Files (x86)\Microsoft Visual Studio 12.0\VC\include\stdio.h(356) : 参见“sprintf”的声明
     1>anti_desktoplayer.cpp(355): warning C4996: 'sprintf': This function or variable may be unsafe. Consider using sprintf_s instead. To disable deprecation, use _CRT_SECURE_NO_WARNINGS. See online help for details.
                 C:\Program Files (x86)\Microsoft Visual Studio 12.0\VC\include\stdio.h(356) : 参见“sprintf”的声明
     1>anti_desktoplayer.cpp(368): warning C4996: 'sprintf': This function or variable may be unsafe. Consider using sprintf_s instead. To disable deprecation, use _CRT_SECURE_NO_WARNINGS. See online help for details.
                 C:\Program Files (x86)\Microsoft Visual Studio 12.0\VC\include\stdio.h(356) : 参见“sprintf”的声明
       Link:
         C:\Program Files (x86)\Microsoft Visual Studio 12.0\VC\bin\link.exe /ERRORREPORT:PROMPT /OUT:"G:\RE\anti_DesktopLayer\anti_desktoplayer\Release\anti_desktoplayer.exe" /INCREMENTAL:NO /NOLOGO /MANIFEST /MANIFESTUAC:"level='asInvoker' uiAccess='false'" /manifest:embed /manifestinput:"C:\Program Files (x86)\Microsoft Visual Studio 12.0\VC\Include\Manifest\dpiaware.manifest" /DEBUG /PDB:"G:\RE\anti_DesktopLayer\anti_desktoplayer\Release\anti_desktoplayer.pdb" /SUBSYSTEM:CONSOLE,"5.01" /OPT:REF /OPT:ICF /LTCG /TLBID:1 /DYNAMICBASE /NXCOMPAT /IMPLIB:"G:\RE\anti_DesktopLayer\anti_desktoplayer\Release\anti_desktoplayer.lib" /MACHINE:X86 /SAFESEH Release\anti_desktoplayer.obj
         Release\stdafx.obj
         正在生成代码
         已完成代码的生成
         anti_desktoplayer.vcxproj -> G:\RE\anti_DesktopLayer\anti_desktoplayer\Release\anti_desktoplayer.exe
     1>已完成生成项目“G:\RE\anti_DesktopLayer\anti_desktoplayer\anti_desktoplayer\anti_desktoplayer.vcxproj”(Build 个目标)的操作。

生成成功。

已用时间 00:00:01.68
